D:\VisualStudio\IDE\MSBuild\Microsoft\VC\v170\Microsoft.CppBuild.targets(516,5): warning MSB8004: Intermediate Directory does not end with a trailing slash.  This build instance will add the slash as it is required to allow proper evaluation of the Intermediate Directory.
D:\VisualStudio\IDE\MSBuild\Microsoft\VC\v170\Microsoft.CppBuild.targets(517,5): warning MSB8004: Output Directory does not end with a trailing slash.  This build instance will add the slash as it is required to allow proper evaluation of the Output Directory.
D:\VisualStudio\IDE\MSBuild\Microsoft\VC\v170\Microsoft.CppBuild.targets(531,5): warning MSB8028: The intermediate directory (C:\Users\hunterJ\Desktop\HunNes\bin\intermediates\x64\Debug\) contains files shared from another project (Hunter_NES_Emulator.vcxproj).  This can lead to incorrect clean and rebuild behavior.
  6502.cpp
C:\Users\hunterJ\Desktop\HunNes\Hunter_NES_Emulator\src\6502.cpp(1054,19): warning C4244: '=': conversion from 'HunNes::u16' to 'HunNes::u8', possible loss of data
  Controller.cpp
  CNROM.cpp
  MMC1.cpp
  Mapper.cpp
  NROM.cpp
  UnROM.cpp
C:\Users\hunterJ\Desktop\HunNes\Hunter_NES_Emulator\src\Mapper\UnROM.hpp(10,40): warning C4267: '=': conversion from 'size_t' to 'HunNes::u32', possible loss of data
  (compiling source file 'src/Mapper/UnROM.cpp')
  
  PPU.cpp
  RAM.cpp
  ROM.cpp
C:\Users\hunterJ\Desktop\HunNes\Hunter_NES_Emulator\src\Mapper\UnROM.hpp(10,40): warning C4267: '=': conversion from 'size_t' to 'HunNes::u32', possible loss of data
  (compiling source file 'src/ROM.cpp')
  
  main.cpp
  Generating Code...
  Hunter_NES_Emulator.vcxproj -> C:\Users\hunterJ\Desktop\HunNes\bin\x64\Debug\main.exe
